2026-02-05 20:13:59,646 [Worker-7: Loading available Gradle versions] INFO  o.e.b.c.i.u.g.PublishedGradleVersions - Gradle version information cache is not available. Remote download required.
2026-02-05 20:17:02,001 [Worker-8: Import Getting Started Content] INFO  o.e.m.c.i.l.LifecycleMappingFactory - Using org.eclipse.m2e.jdt.JarLifecycleMapping lifecycle mapping for MavenProject: com.fatec:cliente_api:0.0.1-SNAPSHOT @ C:\temp\projeto-java\cliente_api\cliente_api\pom.xml.
2026-02-05 20:17:05,228 [Worker-8: Import Getting Started Content] INFO  o.e.m.j.i.AbstractJavaProjectConfigurator - Adding source folder /cliente_api/src/main/java
2026-02-05 20:17:05,231 [Worker-8: Import Getting Started Content] INFO  o.e.m.j.i.AbstractJavaProjectConfigurator - Adding resource folder /cliente_api/src/main/resources
2026-02-05 20:17:05,242 [Worker-8: Import Getting Started Content] INFO  o.e.m.j.i.AbstractJavaProjectConfigurator - Adding resource folder /cliente_api/src/main/resources
2026-02-05 20:17:05,248 [Worker-8: Import Getting Started Content] INFO  o.e.m.j.i.AbstractJavaProjectConfigurator - Adding source folder /cliente_api/src/test/java
2026-02-05 20:17:05,250 [Worker-8: Import Getting Started Content] INFO  o.e.m.j.i.AbstractJavaProjectConfigurator - Adding resource folder /cliente_api/src/test/resources
2026-02-05 20:17:06,179 [Worker-8: Import Getting Started Content] INFO  o.e.m.c.i.p.ProjectConfigurationManager - Imported and configured 1 project(s) in 7 sec
2026-02-05 20:17:06,187 [Worker-8: Import Getting Started Content] INFO  o.e.m.c.i.p.ProjectConfigurationManager - Update started
2026-02-05 20:17:06,911 [Worker-8: Import Getting Started Content] INFO  o.e.m.c.i.l.LifecycleMappingFactory - Using org.eclipse.m2e.jdt.JarLifecycleMapping lifecycle mapping for MavenProject: com.fatec:cliente_api:0.0.1-SNAPSHOT @ C:\temp\projeto-java\cliente_api\cliente_api\pom.xml.
2026-02-05 20:17:09,666 [Worker-8: Import Getting Started Content] INFO  o.e.m.j.i.AbstractJavaProjectConfigurator - Adding source folder /cliente_api/src/main/java
2026-02-05 20:17:09,668 [Worker-8: Import Getting Started Content] INFO  o.e.m.j.i.AbstractJavaProjectConfigurator - Adding resource folder /cliente_api/src/main/resources
2026-02-05 20:17:09,670 [Worker-8: Import Getting Started Content] INFO  o.e.m.j.i.AbstractJavaProjectConfigurator - Adding resource folder /cliente_api/src/main/resources
2026-02-05 20:17:09,672 [Worker-8: Import Getting Started Content] INFO  o.e.m.j.i.AbstractJavaProjectConfigurator - Adding source folder /cliente_api/src/test/java
2026-02-05 20:17:09,676 [Worker-8: Import Getting Started Content] INFO  o.e.m.j.i.AbstractJavaProjectConfigurator - Adding resource folder /cliente_api/src/test/resources
2026-02-05 20:17:11,017 [Worker-8: Import Getting Started Content] INFO  o.e.m.c.i.p.ProjectConfigurationManager - Update completed for 1 poms: local refresh takes 0,00 sec, refresh facades takes 3,00 sec, update config takes 1,00 sec 
2026-02-05 20:17:12,331 [Worker-12: Building] INFO  o.a.m.s.f.DefaultMavenResourcesFiltering - Copying 1 resource from src\main\resources to target\classes
2026-02-05 20:17:12,387 [Worker-12: Building] INFO  o.a.m.s.f.DefaultMavenResourcesFiltering - Copying 0 resource from src\main\resources to target\classes
2026-02-05 20:17:12,400 [Worker-12: Building] INFO  o.a.m.s.f.DefaultMavenResourcesFiltering - skip non existing resourceDirectory C:\temp\projeto-java\cliente_api\cliente_api\src\test\resources
2026-02-05 20:17:51,441 [main] INFO  o.e.m.jdt.internal.UnitTestSupport - Updating ClienteApiApplicationTests from maven configuration
